<?xml version="1.0" encoding="UTF-8"?>
<!-- Generated by org.testng.reporters.JUnitReportReporter -->
<testsuite hostname="DESKTOP-8919CFE" failures="0" tests="2" name="testCases.TC001_AccountRegistrationTest" time="5.683" errors="0" timestamp="2025-08-04T15:52:58 IST" skipped="0">
  <testcase classname="testCases.TC001_AccountRegistrationTest" name="verify_account_registration" time="1.725"/>
  <testcase classname="testCases.TC001_AccountRegistrationTest" name="verify_account_registration" time="3.958"/>
</testsuite> <!-- testCases.TC001_AccountRegistrationTest -->
